INFO:root:Report sent to Blaire Riley at address blaire.riley@maildoesntexist.comfor day 2023-09-28 at 19:30:21
INFO:root:Report sent to Luella Marly at address luealla.marly@maildoesntexist.comfor day 2023-09-28 at 19:30:22
INFO:root:Report sent to Blaire Riley at address blaire.riley@maildoesntexist.com for day 2023-09-28 at 19:31:09
INFO:root:Report sent to Luella Marly at address luealla.marly@maildoesntexist.com for day 2023-09-28 at 19:31:09
INFO:root:Report sent to Archie Leith at address archie.leith@maildoesntexist.com for day 2023-09-28 at 19:31:10
INFO:root:Report sent to Wat Jett at address wat.jett@maildoesntexist.com for day 2023-09-28 at 19:31:11
INFO:root:Report sent to Blaire Riley at address blaire.riley@maildoesntexist.com for day 2023-09-28 at 19:37:51
INFO:root:Report sent to Luella Marly at address luealla.marly@maildoesntexist.com for day 2023-09-28 at 19:37:51
INFO:root:Report sent to Archie Leith at address archie.leith@maildoesntexist.com for day 2023-09-28 at 19:37:52
INFO:root:Report sent to Wat Jett at address wat.jett@maildoesntexist.com for day 2023-09-28 at 19:37:53
ERROR:root:Report doesn't exist for client Mihai, email mihi.iahim@gmail.com for day 2023-09-28 at 19:42:24
INFO:root:Report sent to Blaire Riley at address blaire.riley@maildoesntexist.com for day 2023-09-28 at 19:49:38
INFO:root:Report sent to Luella Marly at address luealla.marly@maildoesntexist.com for day 2023-09-28 at 19:49:39
INFO:root:Report sent to Archie Leith at address archie.leith@maildoesntexist.com for day 2023-09-28 at 19:49:39
INFO:root:Report sent to Wat Jett at address wat.jett@maildoesntexist.com for day 2023-09-28 at 19:49:40
INFO:root:Report sent to Mihai at address randomemail@fakemail.com for day 2023-09-28 at 19:49:41
INFO:root:Report sent to Blaire Riley at address blaire.riley@maildoesntexist.com for day 2024-05-19 at 19:50:18
INFO:root:Report sent to Luella Marly at address luealla.marly@maildoesntexist.com for day 2024-05-19 at 19:50:19
INFO:root:Report sent to Archie Leith at address archie.leith@maildoesntexist.com for day 2024-05-19 at 19:50:20
INFO:root:Report sent to Wat Jett at address wat.jett@maildoesntexist.com for day 2024-05-19 at 19:50:20
INFO:root:Report sent to Mihai at address randomemail@fakemail.com for day 2024-05-19 at 19:50:21
